<?xml version="1.0" encoding="UTF-8"?>
<testsuite name="org.bala.c4.CucumberRunner" tests="0" skipped="0" failures="0" errors="0" timestamp="1970-01-01T00:00:00" hostname="DESKTOP-ENOVI8J" time="0.0">
  <properties/>
  <system-out><![CDATA[Feature: Volume weighted average price

  Scenario: Simple test                  ?[90m# org/bala/c4/vwap.feature:2?[0m
    ?[32mGiven ?[0m?[32mthat there is a list of Trades?[0m ?[90m# StepDefinitions.that_there_is_a_list_of_Trades(Trade>)?[0m
    ?[32mWhen ?[0m?[32mvwap is calculated?[0m              ?[90m# StepDefinitions.vwap_is_calculated()?[0m
    ?[32mThen ?[0m?[32mcalculated vwap should be ?[0m?[32m?[1m12.34?[0m ?[90m# StepDefinitions.calculated_vwap_should_be(Double)?[0m

1 Scenarios (?[32m1 passed?[0m)
3 Steps (?[32m3 passed?[0m)
0m0.667s

]]></system-out>
  <system-err><![CDATA[]]></system-err>
</testsuite>
